<?xml version="1.0" encoding="UTF-8"?>
<!-- Generated by org.testng.reporters.JUnitReportReporter -->
<testsuite hostname="BYODhL0kh43da3A" failures="0" tests="1" name="Automation.ExtentReports.ExtentReportDemo" time="4.649" errors="0" timestamp="2024-10-28T22:15:07 IST" skipped="0">
  <testcase classname="Automation.ExtentReports.ExtentReportDemo" name="initialDemo" time="4.649"/>
</testsuite> <!-- Automation.ExtentReports.ExtentReportDemo -->
